Started at Thu Jul 27 04:12:35 UTC 2023
Processing devopsCompleto
Offering devopsCompleto to Project Build Discarder
Processing kubernetes-ejemplo
Offering kubernetes-ejemplo to Project Build Discarder
Processing proyectoFinal2
Offering proyectoFinal2 to Project Build Discarder
Processing proyectoFinal3
Offering proyectoFinal3 to Project Build Discarder
Finished at Thu Jul 27 04:12:35 UTC 2023. 7ms
Started at Thu Jul 27 05:12:35 UTC 2023
Processing devopsCompleto
Offering devopsCompleto to Project Build Discarder
Processing kubernetes-ejemplo
Offering kubernetes-ejemplo to Project Build Discarder
Processing proyectoFinal2
Offering proyectoFinal2 to Project Build Discarder
Processing proyectoFinal3
Offering proyectoFinal3 to Project Build Discarder
Finished at Thu Jul 27 05:12:35 UTC 2023. 5ms
Started at Thu Jul 27 06:12:35 UTC 2023
Processing devopsCompleto
Offering devopsCompleto to Project Build Discarder
Processing kubernetes-ejemplo
Offering kubernetes-ejemplo to Project Build Discarder
Processing proyectoFinal2
Offering proyectoFinal2 to Project Build Discarder
Processing proyectoFinal3
Offering proyectoFinal3 to Project Build Discarder
Finished at Thu Jul 27 06:12:35 UTC 2023. 7ms
Started at Thu Jul 27 07:12:35 UTC 2023
Processing devopsCompleto
Offering devopsCompleto to Project Build Discarder
Processing kubernetes-ejemplo
Offering kubernetes-ejemplo to Project Build Discarder
Processing proyectoFinal2
Offering proyectoFinal2 to Project Build Discarder
Processing proyectoFinal3
Offering proyectoFinal3 to Project Build Discarder
Finished at Thu Jul 27 07:12:35 UTC 2023. 6ms
Started at Thu Jul 27 08:12:35 UTC 2023
Processing devopsCompleto
Offering devopsCompleto to Project Build Discarder
Processing kubernetes-ejemplo
Offering kubernetes-ejemplo to Project Build Discarder
Processing proyectoFinal2
Offering proyectoFinal2 to Project Build Discarder
Processing proyectoFinal3
Offering proyectoFinal3 to Project Build Discarder
Finished at Thu Jul 27 08:12:35 UTC 2023. 6ms
Started at Thu Jul 27 09:12:35 UTC 2023
Processing devopsCompleto
Offering devopsCompleto to Project Build Discarder
Processing kubernetes-ejemplo
Offering kubernetes-ejemplo to Project Build Discarder
Processing proyectoFinal2
Offering proyectoFinal2 to Project Build Discarder
Processing proyectoFinal3
Offering proyectoFinal3 to Project Build Discarder
Finished at Thu Jul 27 09:12:35 UTC 2023. 7ms
Started at Thu Jul 27 10:12:35 UTC 2023
Processing devopsCompleto
Offering devopsCompleto to Project Build Discarder
Processing kubernetes-ejemplo
Offering kubernetes-ejemplo to Project Build Discarder
Processing proyectoFinal2
Offering proyectoFinal2 to Project Build Discarder
Processing proyectoFinal3
Offering proyectoFinal3 to Project Build Discarder
Finished at Thu Jul 27 10:12:35 UTC 2023. 8ms
Started at Thu Jul 27 11:12:35 UTC 2023
Processing devopsCompleto
Offering devopsCompleto to Project Build Discarder
Processing kubernetes-ejemplo
Offering kubernetes-ejemplo to Project Build Discarder
Processing proyectoFinal2
Offering proyectoFinal2 to Project Build Discarder
Processing proyectoFinal3
Offering proyectoFinal3 to Project Build Discarder
Finished at Thu Jul 27 11:12:35 UTC 2023. 7ms
Started at Thu Jul 27 12:12:35 UTC 2023
Processing devopsCompleto
Offering devopsCompleto to Project Build Discarder
Processing kubernetes-ejemplo
Offering kubernetes-ejemplo to Project Build Discarder
Processing proyectoFinal2
Offering proyectoFinal2 to Project Build Discarder
Processing proyectoFinal3
Offering proyectoFinal3 to Project Build Discarder
Finished at Thu Jul 27 12:12:35 UTC 2023. 7ms
Started at Thu Jul 27 13:12:35 UTC 2023
Processing devopsCompleto
Offering devopsCompleto to Project Build Discarder
Processing kubernetes-ejemplo
Offering kubernetes-ejemplo to Project Build Discarder
Processing proyectoFinal2
Offering proyectoFinal2 to Project Build Discarder
Processing proyectoFinal3
Offering proyectoFinal3 to Project Build Discarder
Finished at Thu Jul 27 13:12:35 UTC 2023. 6ms
Started at Thu Jul 27 14:12:35 UTC 2023
Processing devopsCompleto
Offering devopsCompleto to Project Build Discarder
Processing kubernetes-ejemplo
Offering kubernetes-ejemplo to Project Build Discarder
Processing proyectoFinal2
Offering proyectoFinal2 to Project Build Discarder
Processing proyectoFinal3
Offering proyectoFinal3 to Project Build Discarder
Finished at Thu Jul 27 14:12:35 UTC 2023. 5ms
Started at Thu Jul 27 15:12:35 UTC 2023
Processing devopsCompleto
Offering devopsCompleto to Project Build Discarder
Processing kubernetes-ejemplo
Offering kubernetes-ejemplo to Project Build Discarder
Processing proyectoFinal2
Offering proyectoFinal2 to Project Build Discarder
Processing proyectoFinal3
Offering proyectoFinal3 to Project Build Discarder
Finished at Thu Jul 27 15:12:35 UTC 2023. 6ms
Started at Thu Jul 27 16:12:35 UTC 2023
Processing devopsCompleto
Offering devopsCompleto to Project Build Discarder
Processing kubernetes-ejemplo
Offering kubernetes-ejemplo to Project Build Discarder
Processing proyectoFinal2
Offering proyectoFinal2 to Project Build Discarder
Processing proyectoFinal3
Offering proyectoFinal3 to Project Build Discarder
Finished at Thu Jul 27 16:12:35 UTC 2023. 6ms
Started at Thu Jul 27 17:12:35 UTC 2023
Processing devopsCompleto
Offering devopsCompleto to Project Build Discarder
Processing kubernetes-ejemplo
Offering kubernetes-ejemplo to Project Build Discarder
Processing proyectoFinal2
Offering proyectoFinal2 to Project Build Discarder
Processing proyectoFinal3
Offering proyectoFinal3 to Project Build Discarder
Finished at Thu Jul 27 17:12:35 UTC 2023. 5ms
Started at Thu Jul 27 18:12:35 UTC 2023
Processing devopsCompleto
Offering devopsCompleto to Project Build Discarder
Processing kubernetes-ejemplo
Offering kubernetes-ejemplo to Project Build Discarder
Processing proyectoFinal2
Offering proyectoFinal2 to Project Build Discarder
Processing proyectoFinal3
Offering proyectoFinal3 to Project Build Discarder
Finished at Thu Jul 27 18:12:35 UTC 2023. 7ms
Started at Thu Jul 27 19:12:35 UTC 2023
Processing devopsCompleto
Offering devopsCompleto to Project Build Discarder
Processing kubernetes-ejemplo
Offering kubernetes-ejemplo to Project Build Discarder
Processing proyectoFinal2
Offering proyectoFinal2 to Project Build Discarder
Processing proyectoFinal3
Offering proyectoFinal3 to Project Build Discarder
Finished at Thu Jul 27 19:12:35 UTC 2023. 6ms
Started at Thu Jul 27 20:12:35 UTC 2023
Processing devopsCompleto
Offering devopsCompleto to Project Build Discarder
Processing kubernetes-ejemplo
Offering kubernetes-ejemplo to Project Build Discarder
Processing proyectoFinal2
Offering proyectoFinal2 to Project Build Discarder
Processing proyectoFinal3
Offering proyectoFinal3 to Project Build Discarder
Finished at Thu Jul 27 20:12:35 UTC 2023. 6ms
Started at Thu Jul 27 21:12:35 UTC 2023
Processing devopsCompleto
Offering devopsCompleto to Project Build Discarder
Processing kubernetes-ejemplo
Offering kubernetes-ejemplo to Project Build Discarder
Processing proyectoFinal2
Offering proyectoFinal2 to Project Build Discarder
Processing proyectoFinal3
Offering proyectoFinal3 to Project Build Discarder
Finished at Thu Jul 27 21:12:35 UTC 2023. 5ms
Started at Thu Jul 27 22:12:35 UTC 2023
Processing devopsCompleto
Offering devopsCompleto to Project Build Discarder
Processing kubernetes-ejemplo
Offering kubernetes-ejemplo to Project Build Discarder
Processing proyectoFinal2
Offering proyectoFinal2 to Project Build Discarder
Processing proyectoFinal3
Offering proyectoFinal3 to Project Build Discarder
Finished at Thu Jul 27 22:12:35 UTC 2023. 4ms
Started at Thu Jul 27 23:12:35 UTC 2023
Processing devopsCompleto
Offering devopsCompleto to Project Build Discarder
Processing kubernetes-ejemplo
Offering kubernetes-ejemplo to Project Build Discarder
Processing proyectoFinal2
Offering proyectoFinal2 to Project Build Discarder
Processing proyectoFinal3
Offering proyectoFinal3 to Project Build Discarder
Finished at Thu Jul 27 23:12:35 UTC 2023. 7ms
Started at Fri Jul 28 00:12:35 UTC 2023
Processing devopsCompleto
Offering devopsCompleto to Project Build Discarder
Processing kubernetes-ejemplo
Offering kubernetes-ejemplo to Project Build Discarder
Processing proyectoFinal2
Offering proyectoFinal2 to Project Build Discarder
Processing proyectoFinal3
Offering proyectoFinal3 to Project Build Discarder
Finished at Fri Jul 28 00:12:35 UTC 2023. 6ms
